---
recorded_at: 2026-04-09T17:13:34.254541722-07:00
command: cargo test trace_recorders -- --nocapture
---

running 6 tests
test infrastructure::adapters::trace_recorders::tests::in_memory_recorder_replays_records_in_sequence_order ... ok
test infrastructure::adapters::trace_recorders::tests::default_trace_recorder_falls_back_to_in_memory_when_transit_state_is_unavailable ... ok
test infrastructure::adapters::trace_recorders::tests::wake_reports_latest_checkpoint_and_resume_cursor ... ok
test infrastructure::adapters::trace_recorders::tests::default_trace_recorder_prefers_embedded_transit_session_spine ... ok
test infrastructure::adapters::trace_recorders::tests::replay_slice_selects_records_from_checkpoint_forward ... ok
test infrastructure::adapters::trace_recorders::tests::transit_recorder_replays_root_and_verifies_checkpoint ... ok

test result: ok. 6 passed; 0 failed; 0 ignored; 0 measured; 513 filtered out; finished in 0.00s


running 0 tests

test result: ok. 0 passed; 0 failed; 0 ignored; 0 measured; 2 filtered out; finished in 0.00s


--- stderr ---
    Blocking waiting for file lock on package cache
    Blocking waiting for file lock on package cache
    Blocking waiting for file lock on package cache
    Finished `test` profile [unoptimized + debuginfo] target(s) in 0.38s
     Running unittests src/lib.rs (/home/alex/.cache/cargo-target/paddles/debug/deps/paddles-07b921ab41e037e0)
     Running unittests src/main.rs (/home/alex/.cache/cargo-target/paddles/debug/deps/paddles-4e3950804ed20f43)
