---
recorded_at: 2026-04-24T17:33:29.387464189-07:00
command: cargo test planner_loop -- --nocapture
---

running 5 tests
test application::planner_loop::tests::planner_loop_replan_does_not_activate_without_pending_workspace_obligation ... ok
test application::tests::explicit_workspace_initial_actions_route_to_the_planner_loop ... ok
test domain::ports::planning::tests::planner_loop_state_defaults_include_refinement_fields ... ok
test application::tests::resource_initial_actions_route_to_the_planner_loop ... ok
test application::planner_loop::tests::planner_loop_replan_extends_budget_and_keeps_current_evidence_context ... ok

test result: ok. 5 passed; 0 failed; 0 ignored; 0 measured; 726 filtered out; finished in 0.00s


running 0 tests

test result: ok. 0 passed; 0 failed; 0 ignored; 0 measured; 5 filtered out; finished in 0.00s


running 0 tests

test result: ok. 0 passed; 0 failed; 0 ignored; 0 measured; 1 filtered out; finished in 0.00s


--- stderr ---
    Finished `test` profile [unoptimized + debuginfo] target(s) in 0.28s
     Running unittests src/lib.rs (/home/alex/.cache/cargo-target/paddles/debug/deps/paddles-376074c8c385b41a)
     Running unittests src/main.rs (/home/alex/.cache/cargo-target/paddles/debug/deps/paddles-ae8ea02f3e4e2a7f)
     Running tests/runtime_presentation_boundary.rs (/home/alex/.cache/cargo-target/paddles/debug/deps/runtime_presentation_boundary-ff05e5b1dbf3d864)
