---
recorded_at: 2026-04-22T22:58:53.438590876-07:00
command: cargo test hosted_transit_trace_store_ -- --nocapture
---

running 1 test
test infrastructure::adapters::trace_recorders::tests::hosted_transit_trace_store_records_and_replays_over_hosted_transit ... ok

test result: ok. 1 passed; 0 failed; 0 ignored; 0 measured; 704 filtered out; finished in 0.06s


running 0 tests

test result: ok. 0 passed; 0 failed; 0 ignored; 0 measured; 3 filtered out; finished in 0.00s


running 0 tests

test result: ok. 0 passed; 0 failed; 0 ignored; 0 measured; 1 filtered out; finished in 0.00s


--- stderr ---
    Blocking waiting for file lock on package cache
    Blocking waiting for file lock on package cache
    Blocking waiting for file lock on package cache
    Blocking waiting for file lock on package cache
    Blocking waiting for file lock on artifact directory
    Finished `test` profile [unoptimized + debuginfo] target(s) in 6.31s
     Running unittests src/lib.rs (/home/alex/.cache/cargo-target/paddles/debug/deps/paddles-376074c8c385b41a)
     Running unittests src/main.rs (/home/alex/.cache/cargo-target/paddles/debug/deps/paddles-ae8ea02f3e4e2a7f)
     Running tests/runtime_presentation_boundary.rs (/home/alex/.cache/cargo-target/paddles/debug/deps/runtime_presentation_boundary-ff05e5b1dbf3d864)
