---
recorded_at: 2026-04-22T22:58:53.335750508-07:00
command: cargo test hosted_service_mode_does_not_require_embedded_transit_core -- --nocapture
---

running 0 tests

test result: ok. 0 passed; 0 failed; 0 ignored; 0 measured; 705 filtered out; finished in 0.00s


running 1 test
test tests::hosted_service_mode_does_not_require_embedded_transit_core ... ok

test result: ok. 1 passed; 0 failed; 0 ignored; 0 measured; 2 filtered out; finished in 0.00s


running 0 tests

test result: ok. 0 passed; 0 failed; 0 ignored; 0 measured; 1 filtered out; finished in 0.00s


--- stderr ---
    Blocking waiting for file lock on package cache
    Blocking waiting for file lock on package cache
    Blocking waiting for file lock on package cache
   Compiling paddles v0.1.0 (/home/alex/workspace/spoke-sh/paddles)
    Finished `test` profile [unoptimized + debuginfo] target(s) in 6.28s
     Running unittests src/lib.rs (/home/alex/.cache/cargo-target/paddles/debug/deps/paddles-376074c8c385b41a)
     Running unittests src/main.rs (/home/alex/.cache/cargo-target/paddles/debug/deps/paddles-ae8ea02f3e4e2a7f)
     Running tests/runtime_presentation_boundary.rs (/home/alex/.cache/cargo-target/paddles/debug/deps/runtime_presentation_boundary-ff05e5b1dbf3d864)
