---
recorded_at: 2026-04-24T19:05:46.014086935-07:00
command: cargo test runtime_posture_projection -- --nocapture
---

running 2 tests
test application::runtime_posture_projection::tests::runtime_posture_projection_exposes_runtime_facts_without_controller_authored_plans ... ok
test application::runtime_posture_projection::tests::runtime_posture_projection_snapshots_include_governance_diagnostics_provenance_worker_and_eval_outcomes ... ok

test result: ok. 2 passed; 0 failed; 0 ignored; 0 measured; 761 filtered out; finished in 0.00s


running 0 tests

test result: ok. 0 passed; 0 failed; 0 ignored; 0 measured; 5 filtered out; finished in 0.00s


running 0 tests

test result: ok. 0 passed; 0 failed; 0 ignored; 0 measured; 1 filtered out; finished in 0.00s


--- stderr ---
    Blocking waiting for file lock on package cache
    Blocking waiting for file lock on package cache
    Blocking waiting for file lock on package cache
    Blocking waiting for file lock on artifact directory
    Finished `test` profile [unoptimized + debuginfo] target(s) in 0.46s
     Running unittests src/lib.rs (/home/alex/.cache/cargo-target/paddles/debug/deps/paddles-376074c8c385b41a)
     Running unittests src/main.rs (/home/alex/.cache/cargo-target/paddles/debug/deps/paddles-ae8ea02f3e4e2a7f)
     Running tests/runtime_presentation_boundary.rs (/home/alex/.cache/cargo-target/paddles/debug/deps/runtime_presentation_boundary-ff05e5b1dbf3d864)
