---
recorded_at: 2026-04-02T16:03:22.817294292-07:00
command: nix develop --command sh -lc 'cargo test -q infrastructure::web::tests::web_router_serves_dedicated_manifold_and_transit_routes && npm run e2e --workspace @paddles/web'
---

running 1 test
.
test result: ok. 1 passed; 0 failed; 0 ignored; 0 measured; 306 filtered out; finished in 0.00s


running 0 tests

test result: ok. 0 passed; 0 failed; 0 ignored; 0 measured; 0 filtered out; finished in 0.00s


> @paddles/web@0.0.0 e2e
> node ./scripts/run-react-e2e.mjs && node ./scripts/run-legacy-e2e.mjs


> @paddles/web@0.0.0 dev
> vite --host 127.0.0.1 --port 4173


  VITE v6.4.1  ready in 151 ms

  ➜  Local:   http://127.0.0.1:4173/
fixture server listening on http://127.0.0.1:4174

--- stderr ---
path '/home/alex/workspace/spoke-sh/paddles/.keel' does not contain a 'flake.nix', searching up
npm error Lifecycle script `dev` failed with error:
npm error code 143
npm error path /home/alex/workspace/spoke-sh/paddles/apps/web
npm error workspace @paddles/web@0.0.0
npm error location /home/alex/workspace/spoke-sh/paddles/apps/web
npm error command failed
npm error command sh -c vite --host 127.0.0.1 --port 4173
