---
recorded_at: 2026-04-22T22:48:05.319954091-07:00
command: cargo test hosted_transit_authority_config_requires_endpoint_namespace_and_service_identity -- --nocapture
---

running 1 test
test infrastructure::config::tests::hosted_transit_authority_config_requires_endpoint_namespace_and_service_identity ... ok

test result: ok. 1 passed; 0 failed; 0 ignored; 0 measured; 702 filtered out; finished in 0.00s


running 0 tests

test result: ok. 0 passed; 0 failed; 0 ignored; 0 measured; 2 filtered out; finished in 0.00s


running 0 tests

test result: ok. 0 passed; 0 failed; 0 ignored; 0 measured; 1 filtered out; finished in 0.00s


--- stderr ---
    Blocking waiting for file lock on package cache
    Blocking waiting for file lock on package cache
    Blocking waiting for file lock on package cache
    Blocking waiting for file lock on shared package cache
    Blocking waiting for file lock on artifact directory
    Finished `test` profile [unoptimized + debuginfo] target(s) in 6.43s
     Running unittests src/lib.rs (/home/alex/.cache/cargo-target/paddles/debug/deps/paddles-2a6b9300e31f1266)
     Running unittests src/main.rs (/home/alex/.cache/cargo-target/paddles/debug/deps/paddles-d42d2426f11f4150)
     Running tests/runtime_presentation_boundary.rs (/home/alex/.cache/cargo-target/paddles/debug/deps/runtime_presentation_boundary-6073113110b36957)
