---
recorded_at: 2026-04-22T22:48:05.279546072-07:00
command: cargo test hosted_service_mode_rejects_implicit_local_fallback -- --nocapture
---

running 1 test
test infrastructure::config::tests::hosted_service_mode_rejects_implicit_local_fallback ... ok

test result: ok. 1 passed; 0 failed; 0 ignored; 0 measured; 702 filtered out; finished in 0.00s


running 0 tests

test result: ok. 0 passed; 0 failed; 0 ignored; 0 measured; 2 filtered out; finished in 0.00s


running 0 tests

test result: ok. 0 passed; 0 failed; 0 ignored; 0 measured; 1 filtered out; finished in 0.00s


--- stderr ---
    Blocking waiting for file lock on package cache
    Blocking waiting for file lock on package cache
    Blocking waiting for file lock on package cache
    Blocking waiting for file lock on package cache
   Compiling paddles v0.1.0 (/home/alex/workspace/spoke-sh/paddles)
    Finished `test` profile [unoptimized + debuginfo] target(s) in 6.34s
     Running unittests src/lib.rs (/home/alex/.cache/cargo-target/paddles/debug/deps/paddles-2a6b9300e31f1266)
     Running unittests src/main.rs (/home/alex/.cache/cargo-target/paddles/debug/deps/paddles-d42d2426f11f4150)
     Running tests/runtime_presentation_boundary.rs (/home/alex/.cache/cargo-target/paddles/debug/deps/runtime_presentation_boundary-6073113110b36957)
