---
recorded_at: 2026-04-22T22:48:05.375822889-07:00
command: cargo test recorder_authority_modes_require_explicit_selection -- --nocapture
---

running 1 test
test infrastructure::config::tests::recorder_authority_modes_require_explicit_selection ... ok

test result: ok. 1 passed; 0 failed; 0 ignored; 0 measured; 702 filtered out; finished in 0.00s


running 0 tests

test result: ok. 0 passed; 0 failed; 0 ignored; 0 measured; 2 filtered out; finished in 0.00s


running 0 tests

test result: ok. 0 passed; 0 failed; 0 ignored; 0 measured; 1 filtered out; finished in 0.00s


--- stderr ---
    Blocking waiting for file lock on package cache
    Blocking waiting for file lock on package cache
    Blocking waiting for file lock on package cache
    Blocking waiting for file lock on artifact directory
    Finished `test` profile [unoptimized + debuginfo] target(s) in 6.42s
     Running unittests src/lib.rs (/home/alex/.cache/cargo-target/paddles/debug/deps/paddles-2a6b9300e31f1266)
     Running unittests src/main.rs (/home/alex/.cache/cargo-target/paddles/debug/deps/paddles-d42d2426f11f4150)
     Running tests/runtime_presentation_boundary.rs (/home/alex/.cache/cargo-target/paddles/debug/deps/runtime_presentation_boundary-6073113110b36957)
