---
recorded_at: 2026-04-21T21:39:21.833014883-07:00
command: cargo test domain::model::transcript::tests -- --nocapture
---

running 5 tests
test domain::model::transcript::tests::projects_control_results_into_system_transcript_entries ... ok
test domain::model::transcript::tests::projects_delegation_records_into_system_transcript_entries ... ok
test domain::model::transcript::tests::projects_completion_entries_from_persisted_authored_response ... ok
test domain::model::transcript::tests::projects_prompt_and_completion_entries_from_trace_replay ... ok
test domain::model::transcript::tests::projects_governance_records_into_system_transcript_entries ... ok

test result: ok. 5 passed; 0 failed; 0 ignored; 0 measured; 630 filtered out; finished in 0.00s


running 0 tests

test result: ok. 0 passed; 0 failed; 0 ignored; 0 measured; 2 filtered out; finished in 0.00s


--- stderr ---
    Blocking waiting for file lock on package cache
    Blocking waiting for file lock on package cache
    Blocking waiting for file lock on package cache
    Blocking waiting for file lock on artifact directory
    Finished `test` profile [unoptimized + debuginfo] target(s) in 0.40s
     Running unittests src/lib.rs (/home/alex/.cache/cargo-target/paddles/debug/deps/paddles-6e1a86015c5cb772)
     Running unittests src/main.rs (/home/alex/.cache/cargo-target/paddles/debug/deps/paddles-368fd65f357d3f27)
