---
recorded_at: 2026-04-24T19:09:22.249191589-07:00
command: cargo test provider_registry_offline -- --nocapture
---

running 1 test
test domain::ports::tests::provider_registry_offline_builds_local_first_posture_without_network_discovery ... ok

test result: ok. 1 passed; 0 failed; 0 ignored; 0 measured; 764 filtered out; finished in 0.00s


running 0 tests

test result: ok. 0 passed; 0 failed; 0 ignored; 0 measured; 5 filtered out; finished in 0.00s


running 0 tests

test result: ok. 0 passed; 0 failed; 0 ignored; 0 measured; 1 filtered out; finished in 0.00s


--- stderr ---
    Blocking waiting for file lock on package cache
    Blocking waiting for file lock on package cache
    Blocking waiting for file lock on package cache
    Blocking waiting for file lock on artifact directory
    Finished `test` profile [unoptimized + debuginfo] target(s) in 0.48s
     Running unittests src/lib.rs (/home/alex/.cache/cargo-target/paddles/debug/deps/paddles-376074c8c385b41a)
     Running unittests src/main.rs (/home/alex/.cache/cargo-target/paddles/debug/deps/paddles-ae8ea02f3e4e2a7f)
     Running tests/runtime_presentation_boundary.rs (/home/alex/.cache/cargo-target/paddles/debug/deps/runtime_presentation_boundary-ff05e5b1dbf3d864)
