---
recorded_at: 2026-04-24T18:39:35.063935441-07:00
command: cargo test worker_authority_bounds -- --nocapture
---

running 1 test
test application::worker_runtime::tests::worker_authority_bounds_reject_capabilities_absent_or_unavailable_to_parent ... ok

test result: ok. 1 passed; 0 failed; 0 ignored; 0 measured; 752 filtered out; finished in 0.00s


running 0 tests

test result: ok. 0 passed; 0 failed; 0 ignored; 0 measured; 5 filtered out; finished in 0.00s


running 0 tests

test result: ok. 0 passed; 0 failed; 0 ignored; 0 measured; 1 filtered out; finished in 0.00s


--- stderr ---
    Blocking waiting for file lock on package cache
    Blocking waiting for file lock on package cache
    Blocking waiting for file lock on package cache
    Blocking waiting for file lock on artifact directory
    Finished `test` profile [unoptimized + debuginfo] target(s) in 0.47s
     Running unittests src/lib.rs (/home/alex/.cache/cargo-target/paddles/debug/deps/paddles-376074c8c385b41a)
     Running unittests src/main.rs (/home/alex/.cache/cargo-target/paddles/debug/deps/paddles-ae8ea02f3e4e2a7f)
     Running tests/runtime_presentation_boundary.rs (/home/alex/.cache/cargo-target/paddles/debug/deps/runtime_presentation_boundary-ff05e5b1dbf3d864)
