---
recorded_at: 2026-04-27T15:09:50.180048743-07:00
command: cargo test -q && keel doctor
---

running 770 tests
....................................................................................... 87/770
....................................................................................... 174/770
....................................................................................... 261/770
....................................................................................... 348/770
....................................................................................... 435/770
....................................................................................... 522/770
....................................................................................... 609/770
....................................................................................... 696/770
..........................................................................
test result: ok. 770 passed; 0 failed; 0 ignored; 0 measured; 0 filtered out; finished in 2.71s


running 6 tests
......
test result: ok. 6 passed; 0 failed; 0 ignored; 0 measured; 0 filtered out; finished in 0.00s


running 1 test
.
test result: ok. 1 passed; 0 failed; 0 ignored; 0 measured; 0 filtered out; finished in 0.00s


running 0 tests

test result: ok. 0 passed; 0 failed; 0 ignored; 0 measured; 0 filtered out; finished in 0.00s

[4m[1mDoctor's Laboratory Report[0m[0m

[36m[1m[ SYSTEMS PATHOLOGY ][0m[39m
  ┌─ CORE      [[1m[32mNOMINAL[39m[0m] (Vital, Pacemaker)
  │
  ├─ STRATEGY  [[1m[32mNOMINAL[39m[0m] (Strategic, Sensory, Skeletal)
  │
  ├─ EXECUTION [[1m[32mNOMINAL[39m[0m] (Motor, Neural, Autonomic)
  │
  └─ FLOW      [[1m[32mNOMINAL[39m[0m] (Circulatory, Kinetic)

[2m[1m[ ITEMIZED PATHOLOGY ][0m[0m

[36m[1mVital Subsystem (Missions)[0m[39m:
  [32m✓[39m ID uniqueness (53 checks)
  [32m✓[39m Goal achievement (53 checks)
  [32m✓[39m Mission definition readiness (53 checks)
  [32m✓[39m Active mission work coherence (53 checks)
  [32m✓[39m Orphaned mission lineage (72 checks)
  [32m✓[39m Mission date consistency (53 checks)
  [32m✓[39m Mission completion evidence (53 checks)
  [32m✓[39m Watch constraints (53 checks)

[36m[1mPacemaker (Heartbeat)[0m[39m:
  [33m![39m Pacemaker stability (1 checks)
    [33mWarn: [39m Pacemaker has uncommitted energy. Commit worktree changes to stabilize the board.
      Path: [2m/home/alex/workspace/spoke-sh/paddles/.keel/stories/VI1ztz0MP/README.md[0m

[36m[1mStrategic Subsystem (Epics)[0m[39m:
  [32m✓[39m Epic structure (67 checks)
  [32m✓[39m ID uniqueness (67 checks)
  [32m✓[39m ID consistency (67 checks)
  [32m✓[39m Title convention (67 checks)
  [32m✓[39m Epic status drift (67 checks)
  [32m✓[39m Epic completion gates (67 checks)
  [32m✓[39m Goal lineage coherence (67 checks)
  [32m✓[39m Press release coherence (optional) (67 checks)
  [32m✓[39m Epic date consistency (67 checks)

[36m[1mSensory Subsystem (Bearings)[0m[39m:
  [32m✓[39m Bearing structure (2 checks)
  [32m✓[39m ID consistency (2 checks)
  [32m✓[39m ID format (2 checks)
  [32m✓[39m ID uniqueness (2 checks)
  [32m✓[39m Title convention (2 checks)
  [32m✓[39m Bearing coherence (2 checks)
  [32m✓[39m Bearing content completion (2 checks)
  [32m✓[39m Bearing-Epic coherence (2 checks)
  [32m✓[39m Bearing date consistency (2 checks)
  [32m✓[39m Bearing decision readiness (2 checks)
  [32m✓[39m Bearing dependency integrity (2 checks)
  [32m✓[39m Bearing lineage epic (2 checks)
  [32m✓[39m Bearing lineage goals (2 checks)

[36m[1mSkeletal Subsystem (ADRs)[0m[39m:
  [32m✓[39m ADR structure (3 checks)
  [32m✓[39m ID uniqueness (3 checks)
  [32m✓[39m ID consistency (3 checks)
  [32m✓[39m Title convention (3 checks)
  [32m✓[39m Proposed ADR usage (3 checks)
  [32m✓[39m ADR content completion (3 checks)
  [32m✓[39m ADR date consistency (3 checks)

[36m[1mMotor Subsystem (Voyages)[0m[39m:
  [32m✓[39m Voyage structure (91 checks)
  [32m✓[39m ID uniqueness (91 checks)
  [32m✓[39m ID consistency (91 checks)
  [32m✓[39m Title convention (91 checks)
  [32m✓[39m Voyage status drift (91 checks)
  [32m✓[39m Scope authored content (91 checks)
  [32m✓[39m SRS authored requirements (91 checks)
  [32m✓[39m SDD authored content (91 checks)
  [32m✓[39m PRD lineage coherence (91 checks)
  [32m✓[39m Scope lineage coherence (91 checks)
  [32m✓[39m Legacy scope headings (91 checks)
  [32m✓[39m Voyage artifact contract (91 checks)
  [32m✓[39m Evidence chains (91 checks)
  [32m✓[39m Voyage date consistency (91 checks)

[36m[1mNeural Subsystem (Stories)[0m[39m:
  [32m✓[39m ID uniqueness (276 checks)
  [32m✓[39m ID consistency (276 checks)
  [32m✓[39m Title convention (276 checks)
  [32m✓[39m Acceptance criteria completion (276 checks)
  [32m✓[39m Verification annotations (276 checks)
  [32m✓[39m SRS traceability (276 checks)
  [32m✓[39m Implementation dependency cycles (276 checks)
  [32m✓[39m Parallel conflict coherence (276 checks)
  [32m✓[39m Scoped evidence coverage (276 checks)
  [32m✓[39m Story frontmatter drift (276 checks)
  [32m✓[39m Reflection coherence (276 checks)
  [32m✓[39m Active story coherence (276 checks)
  [32m✓[39m Terminal artifact coherence (276 checks)
  [32m✓[39m Knowledge catalog integrity (276 checks)
  [32m✓[39m Verification manifest integrity (276 checks)
  [32m✓[39m Story date consistency (276 checks)

[36m[1mAutonomic Subsystem (Routines)[0m[39m:
  [32m✓[39m Routine cadence (0 checks)
  [32m✓[39m ID consistency (0 checks)
  [32m✓[39m Scope coherence (0 checks)

[36m[1mCirculatory Subsystem (Workflow)[0m[39m:
  [32m✓[39m Graph integrity (493 checks)
  [32m✓[39m Workflow topology (1 checks)
  [32m✓[39m Mission Stack protocol (1 checks)
  [32m✓[39m Mission Stack closeout (1 checks)
  [32m✓[39m Circuit Overload (Max Battery Packs) (0 checks)

[36m[1mKinetic Subsystem (Delivery)[0m[39m:
  [33m![39m Backlog liquidity (0 checks)
    [33mWarn: [39m Zero delivery liquidity. No ready stories in the backlog to sustain the 7-7 window.
      Path: [2m/home/alex/workspace/spoke-sh/paddles/.keel/stories[0m
  [32m✓[39m Active blockages (1 checks)

