---
recorded_at: 2026-05-14T20:26:56.893271377-07:00
command: cargo test bootstrap_pressure_is_loop_visible_context -- --nocapture
---

running 1 test
• Collaboration: execution defaulted
  └ posture=default_execution output=execute clarification=disabled
  └ no collaboration mode request supplied; using execution mode
• execution posture recursive-structured-v1 -> prompt-envelope-safe-v1 (sandbox=workspace_write, approval=on_request)
  └ permissions=[read_workspace, write_workspace, run_workspace_command], reuse=[turn, hand], downgrade=prompt-envelope-safe-v1 disables bounded command-prefix escalation reuse
• Assembled interpretation context [0 docs, 4 hints, 2 procedures]
  └ test interpretation assembled from 0 operator-memory document(s).
    
    Paddles can execute local workspace actions through the harness. Workspace actions: list_files, read, inspect, diff, shell, write_file, replace_in_file, apply_patch. local tools are discovered on demand; probe the exact program you need with a single-step `inspect` `command -v <tool>` and the harness will cache the result cached tool observations are session-local and reflect prior probes or executed commands, not a prebaked whitelist search and refine are provided by the configured gatherer, not the local workspace executor external_capability actions are routed through the external capability broker, not the local workspace executor
    …
• Checked planner capability
  └ planner: available
• Fell back
  └ action-bias: controller inferred a concrete repository edit from the prompt and exposed workspace editor pressure to the agent loop; candidate files: src/lib.rs
• Governor: governor
  └ status=intervening · watch=nominal · intervention=action-bias: controller inferred a concrete repository edit from the prompt and exposed workspace editor pressure to the agent loop; candidate files: src/lib.rs · action-bias: controller inferred a concrete repository edit from the prompt and exposed workspace editor pressure to the agent loop; candidate files: src/lib.rs
• Fell back
  └ action-bias: Reviewed `stop (answer)` and kept the same action after judging the current sources.
• Governor: governor
  └ status=intervening · watch=nominal · intervention=action-bias: Reviewed `stop (answer)` and kept the same action after judging the current sources. · action-bias: Reviewed `stop (answer)` and kept the same action after judging the current sources.
• Planner step 0: stop (answer)
  └ Rationale: answer directly
    Controller: Paddles chose `stop (answer)` because the turn could close without additional evidence.
• Step 0/10: stop (answer) — answer [0 evidence]
• Fell back
  └ instruction-manifold: Instruction manifold [applied-edit, applied-commit]
    User requested a repository change and a recorded git commit. Recommendation text is not completion. Hand the turn to the workspace editor, apply the workspace change, and record the commit before finishing. Candidate files: src/lib.rs
• Governor: governor
  └ status=intervening · watch=nominal · intervention=instruction-manifold: Instruction manifold [applied-edit, applied-commit]
    User requested a repository change and a recorded git commit. Recommendation text is not completion. Hand the turn to the workspace editor, apply the workspace change, and record the commit before finishing. Candidate files: src/lib.rs · instruction-manifold: Instruction manifold [applied-edit, applied-commit]
    User requested a repository change and a recorded git commit. Recommendation text is not completion. Hand the turn to the workspace editor, apply the workspace change, and record the commit before finishing. Candidate files: src/lib.rs
• Fell back
  └ replan: pending edit remained open after instruction unsatisfied; extending agent-loop budget to 20 steps, 8 reads, 6 inspects, and 4 searches while continuing from current evidence
• Governor: governor
  └ status=intervening · watch=nominal · intervention=replan: pending edit remained open after instruction unsatisfied; extending agent-loop budget to 20 steps, 8 reads, 6 inspects, and 4 searches while continuing from current evidence · replan: pending edit remained open after instruction unsatisfied; extending agent-loop budget to 20 steps, 8 reads, 6 inspects, and 4 searches while continuing from current evidence
• Planner step 1: stop (answer)
  └ Rationale: answer directly
    Controller: Paddles chose `stop (answer)` because the turn could close without additional evidence.
• Step 1/20: stop (answer) — answer [0 evidence]
• Fell back
  └ instruction-manifold: Instruction manifold [applied-edit, applied-commit]
    User requested a repository change and a recorded git commit. Recommendation text is not completion. Hand the turn to the workspace editor, apply the workspace change, and record the commit before finishing. Candidate files: src/lib.rs
• Governor: governor
  └ status=intervening · watch=nominal · intervention=instruction-manifold: Instruction manifold [applied-edit, applied-commit]
    User requested a repository change and a recorded git commit. Recommendation text is not completion. Hand the turn to the workspace editor, apply the workspace change, and record the commit before finishing. Candidate files: src/lib.rs · instruction-manifold: Instruction manifold [applied-edit, applied-commit]
    User requested a repository change and a recorded git commit. Recommendation text is not completion. Hand the turn to the workspace editor, apply the workspace change, and record the commit before finishing. Candidate files: src/lib.rs
• Reviewed planner trace
  └ strategy=model-driven, mode=linear, turns=2, steps=2, stop=workspace-editor-boundary, active=none, branches=n/a, frontier=n/a, nodes=n/a, edges=n/a, retained=n/a
• Classified turn
  └ direct-response
• Routed turn
  └ agent loop selected a terminal direct response
• Synthesized direct answer
  └ No repository citations required for this turn.
test application::tests::bootstrap_pressure_is_loop_visible_context ... ok

test result: ok. 1 passed; 0 failed; 0 ignored; 0 measured; 776 filtered out; finished in 0.16s


running 0 tests

test result: ok. 0 passed; 0 failed; 0 ignored; 0 measured; 17 filtered out; finished in 0.00s


running 0 tests

test result: ok. 0 passed; 0 failed; 0 ignored; 0 measured; 1 filtered out; finished in 0.00s


--- stderr ---
    Finished `test` profile [unoptimized + debuginfo] target(s) in 0.24s
     Running unittests src/lib.rs (/home/alex/.cache/cargo-target/paddles/debug/deps/paddles-a4ac3330ca4ecb24)
     Running unittests src/main.rs (/home/alex/.cache/cargo-target/paddles/debug/deps/paddles-27b6d7d80142d941)
     Running tests/runtime_presentation_boundary.rs (/home/alex/.cache/cargo-target/paddles/debug/deps/runtime_presentation_boundary-01940eeba84d0dd4)
