---
recorded_at: 2026-05-13T23:05:32.420149425-07:00
command: sh -lc 'cd "$(git rev-parse --show-toplevel)" && cargo test --lib execution_contract && cargo test --lib runtime_posture_projection && cargo test agent_loop_prompt --all-targets'
---

running 3 tests
test application::execution_contract::tests::execution_contract_discloses_planner_capabilities_and_constraints ... ok
test infrastructure::dev_workflow_contracts::architecture_boundary_execution_contract_service_has_no_infrastructure_dependency ... ok
test application::planner_action_schema::tests::schema_renderer_leaves_execution_contract_separate ... ok

test result: ok. 3 passed; 0 failed; 0 ignored; 0 measured; 763 filtered out; finished in 0.00s


running 2 tests
test application::runtime_posture_projection::tests::runtime_posture_projection_exposes_runtime_facts_without_controller_authored_plans ... ok
test application::runtime_posture_projection::tests::runtime_posture_projection_snapshots_include_governance_diagnostics_provenance_worker_and_eval_outcomes ... ok

test result: ok. 2 passed; 0 failed; 0 ignored; 0 measured; 764 filtered out; finished in 0.00s


running 3 tests
test infrastructure::adapters::http_provider::tests::agent_loop_prompt_schema_parity ... ok
test infrastructure::adapters::http_provider::tests::agent_loop_prompt_capability_manifest_split ... ok
test infrastructure::adapters::http_provider::tests::agent_loop_prompt_vocabulary ... ok

test result: ok. 3 passed; 0 failed; 0 ignored; 0 measured; 763 filtered out; finished in 0.03s


running 0 tests

test result: ok. 0 passed; 0 failed; 0 ignored; 0 measured; 16 filtered out; finished in 0.00s


running 0 tests

test result: ok. 0 passed; 0 failed; 0 ignored; 0 measured; 1 filtered out; finished in 0.00s


--- stderr ---
    Finished `test` profile [unoptimized + debuginfo] target(s) in 0.24s
     Running unittests src/lib.rs (/home/alex/.cache/cargo-target/paddles/debug/deps/paddles-a4ac3330ca4ecb24)
    Finished `test` profile [unoptimized + debuginfo] target(s) in 0.23s
     Running unittests src/lib.rs (/home/alex/.cache/cargo-target/paddles/debug/deps/paddles-a4ac3330ca4ecb24)
    Finished `test` profile [unoptimized + debuginfo] target(s) in 0.24s
     Running unittests src/lib.rs (/home/alex/.cache/cargo-target/paddles/debug/deps/paddles-a4ac3330ca4ecb24)
     Running unittests src/main.rs (/home/alex/.cache/cargo-target/paddles/debug/deps/paddles-27b6d7d80142d941)
     Running tests/runtime_presentation_boundary.rs (/home/alex/.cache/cargo-target/paddles/debug/deps/runtime_presentation_boundary-01940eeba84d0dd4)
