    Blocking waiting for file lock on package cache
    Blocking waiting for file lock on package cache
    Blocking waiting for file lock on package cache
   Compiling paddles v0.1.0 (/home/alex/workspace/spoke-sh/paddles)
    Finished `test` profile [unoptimized + debuginfo] target(s) in 8.30s
     Running unittests src/lib.rs (/home/alex/.cache/cargo-target/paddles/debug/deps/paddles-07b921ab41e037e0)

running 1 test
test infrastructure::adapters::local_workspace_editor::tests::workspace_editor_reports_hand_execution_diagnostics_after_successful_write ... ok

test result: ok. 1 passed; 0 failed; 0 ignored; 0 measured; 525 filtered out; finished in 0.00s

     Running unittests src/main.rs (/home/alex/.cache/cargo-target/paddles/debug/deps/paddles-4e3950804ed20f43)

running 0 tests

test result: ok. 0 passed; 0 failed; 0 ignored; 0 measured; 2 filtered out; finished in 0.00s

    Blocking waiting for file lock on package cache
    Blocking waiting for file lock on package cache
    Blocking waiting for file lock on package cache
    Finished `test` profile [unoptimized + debuginfo] target(s) in 0.45s
     Running unittests src/lib.rs (/home/alex/.cache/cargo-target/paddles/debug/deps/paddles-07b921ab41e037e0)

running 1 test
test infrastructure::terminal::tests::terminal_runner_reports_hand_execution_diagnostics_after_command_completion ... ok

test result: ok. 1 passed; 0 failed; 0 ignored; 0 measured; 525 filtered out; finished in 0.03s

     Running unittests src/main.rs (/home/alex/.cache/cargo-target/paddles/debug/deps/paddles-4e3950804ed20f43)

running 0 tests

test result: ok. 0 passed; 0 failed; 0 ignored; 0 measured; 2 filtered out; finished in 0.00s

