    Blocking waiting for file lock on package cache
    Blocking waiting for file lock on package cache
    Blocking waiting for file lock on package cache
    Blocking waiting for file lock on artifact directory
    Finished `test` profile [unoptimized + debuginfo] target(s) in 8.31s
     Running unittests src/lib.rs (/home/alex/.cache/cargo-target/paddles/debug/deps/paddles-07b921ab41e037e0)

running 1 test
test infrastructure::web::tests::shared_bootstrap_route_returns_shared_session_projection_and_execution_hand_diagnostics ... ok

test result: ok. 1 passed; 0 failed; 0 ignored; 0 measured; 525 filtered out; finished in 0.01s

     Running unittests src/main.rs (/home/alex/.cache/cargo-target/paddles/debug/deps/paddles-4e3950804ed20f43)

running 0 tests

test result: ok. 0 passed; 0 failed; 0 ignored; 0 measured; 2 filtered out; finished in 0.00s

    Blocking waiting for file lock on package cache
    Blocking waiting for file lock on package cache
    Blocking waiting for file lock on package cache
    Blocking waiting for file lock on artifact directory
    Finished `test` profile [unoptimized + debuginfo] target(s) in 0.46s
     Running unittests src/lib.rs (/home/alex/.cache/cargo-target/paddles/debug/deps/paddles-07b921ab41e037e0)

running 1 test
test infrastructure::web::tests::health_route_reports_execution_hand_and_native_transport_diagnostics ... ok

test result: ok. 1 passed; 0 failed; 0 ignored; 0 measured; 525 filtered out; finished in 0.01s

     Running unittests src/main.rs (/home/alex/.cache/cargo-target/paddles/debug/deps/paddles-4e3950804ed20f43)

running 0 tests

test result: ok. 0 passed; 0 failed; 0 ignored; 0 measured; 2 filtered out; finished in 0.00s

src/infrastructure/web/mod.rs:68:    execution_hands: Vec<ExecutionHandDiagnostic>,
src/infrastructure/web/mod.rs:82:    execution_hands: Vec<ExecutionHandDiagnostic>,
src/infrastructure/web/mod.rs:460:        execution_hands: state.service.execution_hand_diagnostics(),
src/infrastructure/web/mod.rs:481:    let execution_hands = state.service.execution_hand_diagnostics();
src/infrastructure/web/mod.rs:488:        execution_hands,
src/infrastructure/web/mod.rs:2496:            execution_hands,
src/infrastructure/web/mod.rs:2512:        assert_eq!(execution_hands.len(), 3);
src/infrastructure/web/mod.rs:2530:        assert_eq!(response.execution_hands.len(), 3);
CONFIGURATION.md:462:`GET /health` and `GET /session/shared/bootstrap` both expose this
CONFIGURATION.md:463:`execution_hands` array beside `native_transports`, so operators can inspect
CONFIGURATION.md:574:`GET /health` and `GET /session/shared/bootstrap` both expose this `native_transports` array so operators can inspect transport readiness before transport-specific UIs or clients are added. Later protocol adapters should update the same diagnostics model instead of inventing side-channel health output.
CONFIGURATION.md:586:- `GET /health` for a quick readiness snapshot
CONFIGURATION.md:587:- `GET /session/shared/bootstrap` for the same diagnostics alongside the shared runtime projection
ARCHITECTURE.md:178:**`ExecutionHandBoundary`** names the local action surfaces the controller can trust to do work on its behalf. Workspace editing, background terminal execution, and credential-bearing transport mediation now share one lifecycle vocabulary: `described`, `provisioning`, `ready`, `executing`, `recovering`, `degraded`, and `failed`. Later adapters should record into that shared hand surface instead of inventing local readiness names.
ARCHITECTURE.md:180:The shared runtime surfaces now expose that hand state directly. `GET /health`
ARCHITECTURE.md:181:and `GET /session/shared/bootstrap` both publish the session hand diagnostics so
ARCHITECTURE.md:370:- the browser bootstraps through `GET /session/shared/bootstrap`
README.md:183:- `GET /session/shared/bootstrap` returns the shared conversation id plus the canonical initial projection
README.md:187:The same bootstrap and health surfaces now expose `execution_hands` alongside
README.md:216:Operators should inspect those diagnostics through `GET /health` or `GET /session/shared/bootstrap` before they reason about protocol-specific behavior. When HTTP request/response, SSE, WebSocket, and Transit are enabled together, they must converge on the same `bind_target` because the runtime serves them through one shared listener. WebSocket now records negotiated session identity through `session_ready` plus a shared `connection_id`, while Transit uses `POST /native-transports/transit` with `application/transit+json` payloads and returns explicit `turn_response` or `transport_error` frames under the same diagnostics contract.
